<?xml version="1.0" encoding="UTF-8"?>
<!-- Generated by org.testng.reporters.JUnitReportReporter -->
<testsuite skipped="0" hostname="PC-NAVEEN" name="pages.mt.NewTest" tests="2" failures="0" timestamp="07 Jun 2018 06:41:17 GMT" time="12.754" errors="0">
  <testcase name="verify_registerbtn" time="0.924" classname="pages.mt.NewTest"/>
  <testcase name="verify_rpage" time="11.830" classname="pages.mt.NewTest"/>
</testsuite> <!-- pages.mt.NewTest -->
